<?xml version="1.0" encoding="UTF-8"?>
<testsuite name="DbConnectionTest" tests="1" skipped="0" failures="0" errors="0" timestamp="2020-10-19T18:11:26" hostname="DESKTOP-CP2JCF8" time="0.211">
  <properties/>
  <testcase name="getInstancePerformance" classname="DbConnectionTest" time="0.211"/>
  <system-out><![CDATA[DbConnection@67835b12    
208
DbConnection@67835b12    
0
]]></system-out>
  <system-err><![CDATA[]]></system-err>
</testsuite>
